Using pre-set license
Built from '2020.3/staging' branch; Version is '2020.3.10f1 (297d780c91bc) revision 2719096'; Using compiler version '192528614'; Build Type 'Release'
OS: 'Windows 10 Pro; OS build 19041.985; Version 2004; 64bit' Language: 'pl' Physical Memory: 16318 MB
BatchMode: 1, IsHumanControllingUs: 0, StartBugReporterOnCrash: 0, Is64bit: 1, IsPro: 0

 COMMAND LINE ARGUMENTS:
E:\Gry\Unity\2020.3.10f1\Editor\Unity.exe
-adb2
-batchMode
-noUpm
-name
AssetImportWorker0
-projectPath
D:/Gry/Unity Projects/2D_Towers/2D_Towers
-logFile
Logs/AssetImportWorker0.log
-srvPort
55364
Successfully changed project path to: D:/Gry/Unity Projects/2D_Towers/2D_Towers
D:/Gry/Unity Projects/2D_Towers/2D_Towers
Using Asset Import Pipeline V2.
Refreshing native plugins compatible for Editor in 94.01 ms, found 3 plugins.
Preloading 0 native plugins for Editor in 0.00 ms.
Initialize engine version: 2020.3.10f1 (297d780c91bc)
[Subsystems] Discovering subsystems at path E:/Gry/Unity/2020.3.10f1/Editor/Data/Resources/UnitySubsystems
[Subsystems] Discovering subsystems at path D:/Gry/Unity Projects/2D_Towers/2D_Towers/Assets
GfxDevice: creating device client; threaded=0
Direct3D:
    Version:  Direct3D 11.0 [level 11.1]
    Renderer: NVIDIA GeForce GTX 1050 Ti (ID=0x1c82)
    Vendor:   
    VRAM:     4018 MB
    Driver:   27.21.14.5671
Initialize mono
Mono path[0] = 'E:/Gry/Unity/2020.3.10f1/Editor/Data/Managed'
Mono path[1] = 'E:/Gry/Unity/2020.3.10f1/Editor/Data/MonoBleedingEdge/lib/mono/unityjit'
Mono config path = 'E:/Gry/Unity/2020.3.10f1/Editor/Data/MonoBleedingEdge/etc'
Using monoOptions --debugger-agent=transport=dt_socket,embedding=1,server=y,suspend=n,address=127.0.0.1:56964
Begin MonoManager ReloadAssembly
Registering precompiled unity dll's ...
Register platform support module: E:/Gry/Unity/2020.3.10f1/Editor/Data/PlaybackEngines/WindowsStandaloneSupport/UnityEditor.WindowsStandalone.Extensions.dll
Registered in 0.002148 seconds.
Native extension for WindowsStandalone target not found
Refreshing native plugins compatible for Editor in 112.76 ms, found 3 plugins.
Preloading 0 native plugins for Editor in 0.00 ms.
Mono: successfully reloaded assembly
- Completed reload, in  5.865 seconds
Platform modules already initialized, skipping
Registering precompiled user dll's ...
Registered in 0.012607 seconds.
Begin MonoManager ReloadAssembly
Native extension for WindowsStandalone target not found
Refreshing native plugins compatible for Editor in 2635.92 ms, found 3 plugins.
Preloading 0 native plugins for Editor in 0.00 ms.
Mono: successfully reloaded assembly
- Completed reload, in 18.870 seconds
Platform modules already initialized, skipping
========================================================================
Worker process is ready to serve import requests
Launched and connected shader compiler UnityShaderCompiler.exe after 0.10 seconds
Refreshing native plugins compatible for Editor in 0.83 ms, found 3 plugins.
Preloading 0 native plugins for Editor in 0.00 ms.
Unloading 2083 Unused Serialized files (Serialized files now loaded: 0)
System memory in use before: 93.2 MB.
System memory in use after: 93.1 MB.

Unloading 33 unused Assets to reduce memory usage. Loaded Objects now: 2518.
Total: 4.786600 ms (FindLiveObjects: 0.526000 ms CreateObjectMapping: 0.212200 ms MarkObjects: 3.780600 ms  DeleteObjects: 0.265200 ms)

========================================================================
Received Import Request.
  path: Assets/Scripts/TowerShoting.cs
  artifactKey: Guid(6afcabfb010fd2047b046719a37e2ee9) Importer(815301076,1909f56bfc062723c751e8b465ee728b)
Start importing Assets/Scripts/TowerShoting.cs using Guid(6afcabfb010fd2047b046719a37e2ee9) Importer(815301076,1909f56bfc062723c751e8b465ee728b)  -> (artifact id: '4c2f82fba3dc295d9a54f42577684dfb') in 0.480364 seconds
  Import took 0.498277 seconds .

========================================================================
Received Prepare
Registering precompiled user dll's ...
Registered in 0.007434 seconds.
Begin MonoManager ReloadAssembly
Native extension for WindowsStandalone target not found
Refreshing native plugins compatible for Editor in 0.85 ms, found 3 plugins.
Preloading 0 native plugins for Editor in 0.00 ms.
Mono: successfully reloaded assembly
- Completed reload, in  2.268 seconds
Platform modules already initialized, skipping
Refreshing native plugins compatible for Editor in 0.82 ms, found 3 plugins.
Preloading 0 native plugins for Editor in 0.00 ms.
Unloading 2078 Unused Serialized files (Serialized files now loaded: 0)
System memory in use before: 93.1 MB.
System memory in use after: 93.1 MB.

Unloading 21 unused Assets to reduce memory usage. Loaded Objects now: 2522.
Total: 4.275600 ms (FindLiveObjects: 0.519700 ms CreateObjectMapping: 0.134600 ms MarkObjects: 3.415200 ms  DeleteObjects: 0.202000 ms)

========================================================================
Received Import Request.
  Time since last request: 54.847218 seconds.
  path: Assets/Prefabs/Missile.prefab
  artifactKey: Guid(8eeff273c5ac79b43993132d7a48b0be) Importer(815301076,1909f56bfc062723c751e8b465ee728b)
Start importing Assets/Prefabs/Missile.prefab using Guid(8eeff273c5ac79b43993132d7a48b0be) Importer(815301076,1909f56bfc062723c751e8b465ee728b)  -> (artifact id: '8dcc15b041509ee8e0e6feceeb84b6ca') in 0.186189 seconds
  Import took 0.195548 seconds .

========================================================================
Received Import Request.
  Time since last request: 39.590410 seconds.
  path: Assets/Prefabs/Tower.prefab
  artifactKey: Guid(b0be5f297f41f0649a4ad7924f569f5e) Importer(815301076,1909f56bfc062723c751e8b465ee728b)
Start importing Assets/Prefabs/Tower.prefab using Guid(b0be5f297f41f0649a4ad7924f569f5e) Importer(815301076,1909f56bfc062723c751e8b465ee728b)  -> (artifact id: '8e6c91bfcf1cc46b9fc17d9a73b08286') in 0.046673 seconds
  Import took 0.052457 seconds .

========================================================================
Received Import Request.
  Time since last request: 3.999957 seconds.
  path: Assets/Prefabs/Tower.prefab
  artifactKey: Guid(b0be5f297f41f0649a4ad7924f569f5e) Importer(815301076,1909f56bfc062723c751e8b465ee728b)
Start importing Assets/Prefabs/Tower.prefab using Guid(b0be5f297f41f0649a4ad7924f569f5e) Importer(815301076,1909f56bfc062723c751e8b465ee728b)  -> (artifact id: 'f644eb76c14447e9577d688ddb61760d') in 0.043590 seconds
  Import took 0.051567 seconds .

========================================================================
Received Import Request.
  Time since last request: 12.188692 seconds.
  path: Assets/Prefabs/Tower.prefab
  artifactKey: Guid(b0be5f297f41f0649a4ad7924f569f5e) Importer(815301076,1909f56bfc062723c751e8b465ee728b)
Start importing Assets/Prefabs/Tower.prefab using Guid(b0be5f297f41f0649a4ad7924f569f5e) Importer(815301076,1909f56bfc062723c751e8b465ee728b)  -> (artifact id: 'a83570751b1153140e473324b5e22824') in 0.043599 seconds
  Import took 0.052008 seconds .

========================================================================
Received Prepare
Registering precompiled user dll's ...
Registered in 0.006099 seconds.
Begin MonoManager ReloadAssembly
Native extension for WindowsStandalone target not found
Refreshing native plugins compatible for Editor in 0.94 ms, found 3 plugins.
Preloading 0 native plugins for Editor in 0.00 ms.
Mono: successfully reloaded assembly
- Completed reload, in  2.144 seconds
Platform modules already initialized, skipping
Refreshing native plugins compatible for Editor in 0.84 ms, found 3 plugins.
Preloading 0 native plugins for Editor in 0.00 ms.
Unloading 2078 Unused Serialized files (Serialized files now loaded: 0)
System memory in use before: 96.1 MB.
System memory in use after: 96.1 MB.

Unloading 21 unused Assets to reduce memory usage. Loaded Objects now: 2533.
Total: 4.575400 ms (FindLiveObjects: 0.498600 ms CreateObjectMapping: 0.143700 ms MarkObjects: 3.679300 ms  DeleteObjects: 0.205000 ms)

========================================================================
Received Import Request.
  Time since last request: 26.958911 seconds.
  path: Assets/Prefabs/Missile.prefab
  artifactKey: Guid(8eeff273c5ac79b43993132d7a48b0be) Importer(815301076,1909f56bfc062723c751e8b465ee728b)
Start importing Assets/Prefabs/Missile.prefab using Guid(8eeff273c5ac79b43993132d7a48b0be) Importer(815301076,1909f56bfc062723c751e8b465ee728b)  -> (artifact id: '49efcbebecd63a0ea6be201bbecd40bd') in 0.105512 seconds
  Import took 0.111445 seconds .

========================================================================
Received Import Request.
  Time since last request: 1.088317 seconds.
  path: Assets/Prefabs/Missile.prefab
  artifactKey: Guid(8eeff273c5ac79b43993132d7a48b0be) Importer(815301076,1909f56bfc062723c751e8b465ee728b)
Start importing Assets/Prefabs/Missile.prefab using Guid(8eeff273c5ac79b43993132d7a48b0be) Importer(815301076,1909f56bfc062723c751e8b465ee728b)  -> (artifact id: '42242de7e6686391105184ae9571f3f4') in 0.044234 seconds
  Import took 0.050024 seconds .

========================================================================
Received Prepare
Registering precompiled user dll's ...
Registered in 0.006124 seconds.
Begin MonoManager ReloadAssembly
Native extension for WindowsStandalone target not found
Refreshing native plugins compatible for Editor in 1.03 ms, found 3 plugins.
Preloading 0 native plugins for Editor in 0.00 ms.
Mono: successfully reloaded assembly
- Completed reload, in  2.006 seconds
Platform modules already initialized, skipping
Refreshing native plugins compatible for Editor in 0.81 ms, found 3 plugins.
Preloading 0 native plugins for Editor in 0.00 ms.
Unloading 2078 Unused Serialized files (Serialized files now loaded: 0)
System memory in use before: 96.2 MB.
System memory in use after: 96.1 MB.

Unloading 21 unused Assets to reduce memory usage. Loaded Objects now: 2538.
Total: 4.234000 ms (FindLiveObjects: 0.514800 ms CreateObjectMapping: 0.138100 ms MarkObjects: 3.326200 ms  DeleteObjects: 0.252300 ms)

AssetImportWorkerClient::OnTransportError - code=2 error=End of file
